<?xml version="1.0" encoding="UTF-8"?>
<!-- Generated by org.testng.reporters.JUnitXMLReporter -->
<testsuite hostname="SJAIN16" ignored="0" name="Test" tests="1" failures="1" timestamp="31 May 2020 14:49:12 GMT" time="42.786" errors="0">
  <testcase name="feature" time="42.496" classname="com.testautomation.TestRunner.TestRunner">
    <failure type="cucumber.runtime.CucumberException" message="Could not convert arguments for step [Below Numbers is to be calculated.] defined at &amp;apos;com.testautomation.StepDef.SearchStepDef.below_Numbers_is_to_be_calculated(SearchStepDef$CalcValues&amp;gt;) in file:/C:/Users/sandeep.jain/Cucumber/SeleniumCucumberBDDFramework/target/classes/&amp;apos;.
It appears you did not register a data table type. The details are in the stacktrace below.">
      <![CDATA[cucumber.runtime.CucumberException: Could not convert arguments for step [Below Numbers is to be calculated.] defined at 'com.testautomation.StepDef.SearchStepDef.below_Numbers_is_to_be_calculated(SearchStepDef$CalcValues>) in file:/C:/Users/sandeep.jain/Cucumber/SeleniumCucumberBDDFramework/target/classes/'.
It appears you did not register a data table type. The details are in the stacktrace below.
at cucumber.runner.PickleStepDefinitionMatch.registerTypeInConfiguration(PickleStepDefinitionMatch.java:59)
at cucumber.runner.PickleStepDefinitionMatch.runStep(PickleStepDefinitionMatch.java:44)
at cucumber.runner.TestStep.executeStep(TestStep.java:63)
at cucumber.runner.TestStep.run(TestStep.java:49)
at cucumber.runner.PickleStepTestStep.run(PickleStepTestStep.java:43)
at cucumber.runner.TestCase.run(TestCase.java:44)
at cucumber.runner.Runner.runPickle(Runner.java:40)
at cucumber.api.testng.TestNGCucumberRunner.runScenario(TestNGCucumberRunner.java:68)
at com.testautomation.TestRunner.TestRunner.feature(TestRunner.java:29)
Caused by: io.cucumber.datatable.UndefinedDataTableTypeException: Can't convert DataTable to List<com.testautomation.StepDef.SearchStepDef$CalcValues>.
You can register a DataTableType using DataTableType.entry(com.testautomation.StepDef.SearchStepDef$CalcValues.class).
For more control you can define your own DataTableType with a TableEntryTransformer or TableRowTransformer for com.testautomation.StepDef.SearchStepDef$CalcValues.

at io.cucumber.datatable.UndefinedDataTableTypeException.listNoConverterDefined(UndefinedDataTableTypeException.java:42)
at io.cucumber.datatable.DataTableTypeRegistryTableConverter.toList(DataTableTypeRegistryTableConverter.java:131)
at io.cucumber.datatable.DataTableTypeRegistryTableConverter.convert(DataTableTypeRegistryTableConverter.java:96)
at io.cucumber.datatable.DataTable.convert(DataTable.java:362)
at io.cucumber.stepexpression.StepExpressionFactory$3.transform(StepExpressionFactory.java:73)
at io.cucumber.stepexpression.DataTableArgument.getValue(DataTableArgument.java:19)
at cucumber.runner.PickleStepDefinitionMatch.runStep(PickleStepDefinitionMatch.java:41)
... 32 more
... Removed 25 stack frames]]>
    </failure>
  </testcase> <!-- feature -->
</testsuite> <!-- Test -->
